TN:
SF:src/format.ts
FN:4,(anonymous_0)
FN:17,(anonymous_1)
FN:21,(anonymous_2)
FNF:3
FNH:3
FNDA:10,(anonymous_0)
FNDA:3,(anonymous_1)
FNDA:9,(anonymous_2)
DA:1,1
DA:4,1
DA:12,10
DA:13,10
DA:14,10
DA:17,1
DA:18,3
DA:19,3
DA:21,3
DA:22,9
DA:24,9
DA:25,9
DA:27,9
DA:32,3
DA:33,3
DA:35,3
LF:16
LH:16
BRDA:12,0,0,10
BRDA:12,0,1,0
BRDA:12,1,0,10
BRDA:12,1,1,5
BRDA:12,2,0,10
BRDA:12,2,1,6
BRF:6
BRH:5
end_of_record
TN:
SF:src/main.ts
FN:11,(anonymous_0)
FN:16,(anonymous_1)
FNF:2
FNH:0
FNDA:0,(anonymous_0)
FNDA:0,(anonymous_1)
DA:1,0
DA:2,0
DA:3,0
DA:4,0
DA:5,0
DA:7,0
DA:9,0
DA:11,0
DA:12,0
DA:13,0
DA:14,0
DA:16,0
DA:17,0
DA:18,0
DA:28,0
DA:30,0
DA:32,0
LF:17
LH:0
BRF:0
BRH:0
end_of_record
TN:
SF:src/parse.ts
FN:5,(anonymous_0)
FNF:1
FNH:1
FNDA:4,(anonymous_0)
DA:3,1
DA:5,1
DA:6,4
DA:7,4
DA:9,4
DA:10,10
DA:11,10
DA:12,9
DA:13,9
DA:14,9
DA:15,9
DA:17,1
DA:21,3
LF:13
LH:13
BRDA:11,0,0,9
BRDA:11,0,1,1
BRF:2
BRH:2
end_of_record
TN:
SF:src/tax.ts
FN:8,(anonymous_0)
FN:11,calculateTax
FN:18,(anonymous_2)
FNF:3
FNH:3
FNDA:17,(anonymous_0)
FNDA:16,calculateTax
FNDA:38,(anonymous_2)
DA:3,2
DA:4,2
DA:6,2
DA:8,2
DA:9,17
DA:11,2
DA:15,16
DA:16,16
DA:18,38
DA:19,6
DA:21,6
DA:24,16
DA:25,7
DA:27,7
DA:30,16
LF:15
LH:15
BRDA:18,0,0,6
BRDA:24,1,0,7
BRF:2
BRH:2
end_of_record
