TN:
SF:src/format.ts
FN:10,(anonymous_0)
FN:29,(anonymous_1)
FN:33,(anonymous_2)
FNF:3
FNH:3
FNDA:10,(anonymous_0)
FNDA:3,(anonymous_1)
FNDA:9,(anonymous_2)
DA:1,1
DA:10,1
DA:18,10
DA:19,10
DA:20,10
DA:29,1
DA:30,3
DA:31,3
DA:33,3
DA:34,9
DA:35,9
DA:36,9
DA:38,9
DA:43,3
DA:44,3
DA:46,3
LF:16
LH:16
BRDA:18,0,0,10
BRDA:18,0,1,0
BRDA:18,1,0,10
BRDA:18,1,1,5
BRDA:18,2,0,10
BRDA:18,2,1,6
BRF:6
BRH:5
end_of_record
TN:
SF:src/main.ts
FN:11,(anonymous_0)
FN:16,(anonymous_1)
FNF:2
FNH:0
FNDA:0,(anonymous_0)
FNDA:0,(anonymous_1)
DA:1,0
DA:2,0
DA:3,0
DA:4,0
DA:5,0
DA:7,0
DA:9,0
DA:11,0
DA:12,0
DA:13,0
DA:14,0
DA:16,0
DA:17,0
DA:18,0
DA:28,0
DA:30,0
DA:32,0
LF:17
LH:0
BRF:0
BRH:0
end_of_record
TN:
SF:src/parse.ts
FN:14,(anonymous_0)
FNF:1
FNH:1
FNDA:4,(anonymous_0)
DA:3,1
DA:14,1
DA:15,4
DA:16,4
DA:18,4
DA:19,10
DA:20,10
DA:21,9
DA:22,9
DA:23,9
DA:24,9
DA:26,1
DA:30,3
LF:13
LH:13
BRDA:20,0,0,9
BRDA:20,0,1,1
BRF:2
BRH:2
end_of_record
TN:
SF:src/tax.ts
FN:15,(anonymous_0)
FN:26,calculateTax
FN:33,(anonymous_2)
FNF:3
FNH:3
FNDA:17,(anonymous_0)
FNDA:16,calculateTax
FNDA:38,(anonymous_2)
DA:3,2
DA:4,2
DA:6,2
DA:15,2
DA:16,17
DA:26,2
DA:30,16
DA:31,16
DA:33,38
DA:34,6
DA:36,6
DA:39,16
DA:40,7
DA:42,7
DA:45,16
LF:15
LH:15
BRDA:33,0,0,6
BRDA:39,1,0,7
BRF:2
BRH:2
end_of_record
